# JRE version: Java(TM) SE Runtime Environment (8.0_191-b12) (build 1.8.0_191-b12)
# Java VM: Java HotSpot(TM) 64-Bit Server VM (25.191-b12 mixed mode windows-amd64 compressed oops)
Heap:
 PSYoungGen      total 207360K, used 15987K [0x00000000eab00000, 0x00000000f8e80000, 0x0000000100000000)
  eden space 189952K, 0% used [0x00000000eab00000,0x00000000eab00000,0x00000000f6480000)
  from space 17408K, 91% used [0x00000000f7700000,0x00000000f869ce30,0x00000000f8800000)
  to   space 18944K, 0% used [0x00000000f6480000,0x00000000f6480000,0x00000000f7700000)
 ParOldGen       total 77312K, used 32579K [0x00000000c0000000, 0x00000000c4b80000, 0x00000000eab00000)
  object space 77312K, 42% used [0x00000000c0000000,0x00000000c1fd0ca8,0x00000000c4b80000)
 Metaspace       used 56709K, capacity 59137K, committed 59160K, reserved 1099776K
  class space    used 7785K, capacity 8495K, committed 8496K, reserved 1048576K
GC Heap History (10 events):
Event: 24.118 GC heap after
Heap after GC invocations=10 (full 1):
 PSYoungGen      total 111104K, used 8271K [0x00000000eab00000, 0x00000000f5080000, 0x0000000100000000)
  eden space 99328K, 0% used [0x00000000eab00000,0x00000000eab00000,0x00000000f0c00000)
  from space 11776K, 70% used [0x00000000f0c00000,0x00000000f1413f48,0x00000000f1780000)
  to   space 11776K, 0% used [0x00000000f4500000,0x00000000f4500000,0x00000000f5080000)
 ParOldGen       total 54272K, used 10023K [0x00000000c0000000, 0x00000000c3500000, 0x00000000eab00000)
  object space 54272K, 18% used [0x00000000c0000000,0x00000000c09c9c10,0x00000000c3500000)
 Metaspace       used 34564K, capacity 35293K, committed 35496K, reserved 1079296K
  class space    used 4854K, capacity 5040K, committed 5040K, reserved 1048576K
}
Event: 24.118 GC heap before
{Heap before GC invocations=11 (full 2):
 PSYoungGen      total 111104K, used 8271K [0x00000000eab00000, 0x00000000f5080000, 0x0000000100000000)
  eden space 99328K, 0% used [0x00000000eab00000,0x00000000eab00000,0x00000000f0c00000)
  from space 11776K, 70% used [0x00000000f0c00000,0x00000000f1413f48,0x00000000f1780000)
  to   space 11776K, 0% used [0x00000000f4500000,0x00000000f4500000,0x00000000f5080000)
 ParOldGen       total 54272K, used 10023K [0x00000000c0000000, 0x00000000c3500000, 0x00000000eab00000)
  object space 54272K, 18% used [0x00000000c0000000,0x00000000c09c9c10,0x00000000c3500000)
 Metaspace       used 34564K, capacity 35293K, committed 35496K, reserved 1079296K
  class space    used 4854K, capacity 5040K, committed 5040K, reserved 1048576K
Event: 24.208 GC heap after
Heap after GC invocations=11 (full 2):
 PSYoungGen      total 111104K, used 0K [0x00000000eab00000, 0x00000000f5080000, 0x0000000100000000)
  eden space 99328K, 0% used [0x00000000eab00000,0x00000000eab00000,0x00000000f0c00000)
  from space 11776K, 0% used [0x00000000f0c00000,0x00000000f0c00000,0x00000000f1780000)
  to   space 11776K, 0% used [0x00000000f4500000,0x00000000f4500000,0x00000000f5080000)
 ParOldGen       total 77312K, used 16401K [0x00000000c0000000, 0x00000000c4b80000, 0x00000000eab00000)
  object space 77312K, 21% used [0x00000000c0000000,0x00000000c1004628,0x00000000c4b80000)
 Metaspace       used 34564K, capacity 35293K, committed 35496K, reserved 1079296K
  class space    used 4854K, capacity 5040K, committed 5040K, reserved 1048576K
}
Event: 26.149 GC heap before
{Heap before GC invocations=12 (full 2):
 PSYoungGen      total 111104K, used 99328K [0x00000000eab00000, 0x00000000f5080000, 0x0000000100000000)
  eden space 99328K, 100% used [0x00000000eab00000,0x00000000f0c00000,0x00000000f0c00000)
  from space 11776K, 0% used [0x00000000f0c00000,0x00000000f0c00000,0x00000000f1780000)
  to   space 11776K, 0% used [0x00000000f4500000,0x00000000f4500000,0x00000000f5080000)
 ParOldGen       total 77312K, used 16401K [0x00000000c0000000, 0x00000000c4b80000, 0x00000000eab00000)
  object space 77312K, 21% used [0x00000000c0000000,0x00000000c1004628,0x00000000c4b80000)
 Metaspace       used 40255K, capacity 41121K, committed 41256K, reserved 1085440K
  class space    used 5605K, capacity 5859K, committed 5936K, reserved 1048576K
Event: 26.172 GC heap after
Heap after GC invocations=12 (full 2):
 PSYoungGen      total 149504K, used 10905K [0x00000000eab00000, 0x00000000f5000000, 0x0000000100000000)
  eden space 138240K, 0% used [0x00000000eab00000,0x00000000eab00000,0x00000000f3200000)
  from space 11264K, 96% used [0x00000000f4500000,0x00000000f4fa6720,0x00000000f5000000)
  to   space 12800K, 0% used [0x00000000f3700000,0x00000000f3700000,0x00000000f4380000)
 ParOldGen       total 77312K, used 16409K [0x00000000c0000000, 0x00000000c4b80000, 0x00000000eab00000)
  object space 77312K, 21% used [0x00000000c0000000,0x00000000c1006628,0x00000000c4b80000)
 Metaspace       used 40255K, capacity 41121K, committed 41256K, reserved 1085440K
  class space    used 5605K, capacity 5859K, committed 5936K, reserved 1048576K
}
Event: 30.172 GC heap before
{Heap before GC invocations=13 (full 2):
 PSYoungGen      total 149504K, used 149145K [0x00000000eab00000, 0x00000000f5000000, 0x0000000100000000)
  eden space 138240K, 100% used [0x00000000eab00000,0x00000000f3200000,0x00000000f3200000)
  from space 11264K, 96% used [0x00000000f4500000,0x00000000f4fa6720,0x00000000f5000000)
  to   space 12800K, 0% used [0x00000000f3700000,0x00000000f3700000,0x00000000f4380000)
 ParOldGen       total 77312K, used 16409K [0x00000000c0000000, 0x00000000c4b80000, 0x00000000eab00000)
  object space 77312K, 21% used [0x00000000c0000000,0x00000000c1006628,0x00000000c4b80000)
 Metaspace       used 51468K, capacity 53145K, committed 53288K, reserved 1095680K
  class space    used 7210K, capacity 7635K, committed 7728K, reserved 1048576K
Event: 30.218 GC heap after
Heap after GC invocations=13 (full 2):
 PSYoungGen      total 156160K, used 12787K [0x00000000eab00000, 0x00000000f8800000, 0x0000000100000000)
  eden space 143360K, 0% used [0x00000000eab00000,0x00000000eab00000,0x00000000f3700000)
  from space 12800K, 99% used [0x00000000f3700000,0x00000000f437cf18,0x00000000f4380000)
  to   space 17408K, 0% used [0x00000000f7700000,0x00000000f7700000,0x00000000f8800000)
 ParOldGen       total 77312K, used 24878K [0x00000000c0000000, 0x00000000c4b80000, 0x00000000eab00000)
  object space 77312K, 32% used [0x00000000c0000000,0x00000000c184b838,0x00000000c4b80000)
 Metaspace       used 51468K, capacity 53145K, committed 53288K, reserved 1095680K
  class space    used 7210K, capacity 7635K, committed 7728K, reserved 1048576K
}
Event: 40.497 GC heap before
{Heap before GC invocations=14 (full 2):
 PSYoungGen      total 156160K, used 118508K [0x00000000eab00000, 0x00000000f8800000, 0x0000000100000000)
  eden space 143360K, 73% used [0x00000000eab00000,0x00000000f123e418,0x00000000f3700000)
  from space 12800K, 99% used [0x00000000f3700000,0x00000000f437cf18,0x00000000f4380000)
  to   space 17408K, 0% used [0x00000000f7700000,0x00000000f7700000,0x00000000f8800000)
 ParOldGen       total 77312K, used 24878K [0x00000000c0000000, 0x00000000c4b80000, 0x00000000eab00000)
  object space 77312K, 32% used [0x00000000c0000000,0x00000000c184b838,0x00000000c4b80000)
 Metaspace       used 56709K, capacity 59137K, committed 59160K, reserved 1099776K
  class space    used 7785K, capacity 8495K, committed 8496K, reserved 1048576K
Event: 40.542 GC heap after
Heap after GC invocations=14 (full 2):
 PSYoungGen      total 207360K, used 15987K [0x00000000eab00000, 0x00000000f8e80000, 0x0000000100000000)
  eden space 189952K, 0% used [0x00000000eab00000,0x00000000eab00000,0x00000000f6480000)
  from space 17408K, 91% used [0x00000000f7700000,0x00000000f869ce30,0x00000000f8800000)
  to   space 18944K, 0% used [0x00000000f6480000,0x00000000f6480000,0x00000000f7700000)
 ParOldGen       total 77312K, used 32579K [0x00000000c0000000, 0x00000000c4b80000, 0x00000000eab00000)
  object space 77312K, 42% used [0x00000000c0000000,0x00000000c1fd0ca8,0x00000000c4b80000)
 Metaspace       used 56709K, capacity 59137K, committed 59160K, reserved 1099776K
  class space    used 7785K, capacity 8495K, committed 8496K, reserved 1048576K
}
Event: 40.542 GC heap before
{Heap before GC invocations=15 (full 3):
 PSYoungGen      total 207360K, used 15987K [0x00000000eab00000, 0x00000000f8e80000, 0x0000000100000000)
  eden space 189952K, 0% used [0x00000000eab00000,0x00000000eab00000,0x00000000f6480000)
  from space 17408K, 91% used [0x00000000f7700000,0x00000000f869ce30,0x00000000f8800000)
  to   space 18944K, 0% used [0x00000000f6480000,0x00000000f6480000,0x00000000f7700000)
 ParOldGen       total 77312K, used 32579K [0x00000000c0000000, 0x00000000c4b80000, 0x00000000eab00000)
  object space 77312K, 42% used [0x00000000c0000000,0x00000000c1fd0ca8,0x00000000c4b80000)
 Metaspace       used 56709K, capacity 59137K, committed 59160K, reserved 1099776K
  class space    used 7785K, capacity 8495K, committed 8496K, reserved 1048576K

